2021-12-19 14:35:16,543:INFO:PyCaret Supervised Module
2021-12-19 14:35:16,543:INFO:ML Usecase: anomaly
2021-12-19 14:35:16,543:INFO:version 2.3.5
2021-12-19 14:35:16,543:INFO:Initializing setup()
2021-12-19 14:35:16,543:INFO:setup(target=None, ml_usecase=anomaly, available_plots={'tsne': 'Anomaly TSnE (3d)', 'umap': 'UMAP Dimensionality'}, train_size=0.7, test_data=None, preprocess=True, imputation_type=simple, iterative_imputation_iters=5, categorical_features=None, categorical_imputation=mode, categorical_iterative_imputer=lightgbm, ordinal_features=None, high_cardinality_features=None, high_cardinality_method=frequency, numeric_features=None, numeric_imputation=mean, numeric_iterative_imputer=lightgbm, date_features=None, ignore_features=None, normalize=False, normalize_method=zscore, transformation=False, transformation_method=yeo-johnson, handle_unknown_categorical=True, unknown_categorical_method=least_frequent, pca=False, pca_method=linear, pca_components=None, ignore_low_variance=False, combine_rare_levels=False, rare_level_threshold=0.1, bin_numeric_features=None, remove_outliers=False, outliers_threshold=0.05, remove_multicollinearity=False, multicollinearity_threshold=0.9, remove_perfect_collinearity=False, create_clusters=False, cluster_iter=20, polynomial_features=False, polynomial_degree=2, trigonometry_features=False, polynomial_threshold=0.1, group_features=None, group_names=None, feature_selection=False, feature_selection_threshold=0.8, feature_selection_method=classic, feature_interaction=False, feature_ratio=False, interaction_threshold=0.01, fix_imbalance=False, fix_imbalance_method=None, transform_target=False, transform_target_method=box-cox, data_split_shuffle=False, data_split_stratify=False, fold_strategy=kfold, fold=10, fold_shuffle=False, fold_groups=None, n_jobs=-1, use_gpu=False, custom_pipeline=None, html=True, session_id=123, log_experiment=False, experiment_name=None, log_plots=False, log_profile=False, log_data=False, silent=False, verbose=True, profile=False, profile_kwargs=None, display=None)
2021-12-19 14:35:16,543:INFO:Checking environment
2021-12-19 14:35:16,543:INFO:python_version: 3.7.11
2021-12-19 14:35:16,544:INFO:python_build: ('default', 'Jul 27 2021 14:32:16')
2021-12-19 14:35:16,544:INFO:machine: x86_64
2021-12-19 14:35:16,544:INFO:platform: Linux-5.4.0-91-generic-x86_64-with-debian-bullseye-sid
2021-12-19 14:35:16,544:WARNING:cannot find psutil installation. memory not traceable. Install psutil using pip to enable memory logging.
2021-12-19 14:35:16,544:INFO:Checking libraries
2021-12-19 14:35:16,544:INFO:pd==1.3.4
2021-12-19 14:35:16,544:INFO:numpy==1.19.5
2021-12-19 14:35:16,544:INFO:sklearn==0.23.2
2021-12-19 14:35:16,545:INFO:lightgbm==3.3.1
2021-12-19 14:35:16,545:WARNING:catboost not found
2021-12-19 14:35:16,545:WARNING:xgboost not found
2021-12-19 14:35:16,775:INFO:mlflow==1.22.0
2021-12-19 14:35:16,775:INFO:Checking Exceptions
2021-12-19 14:35:16,775:INFO:Declaring global variables
2021-12-19 14:35:16,775:INFO:USI: 6caa
2021-12-19 14:35:16,775:INFO:pycaret_globals: {'transform_target_param', 'data_before_preprocess', 'prep_pipe', 'imputation_regressor', 'transform_target_method_param', 'display_container', '_internal_pipeline', 'imputation_classifier', 'log_plots_param', '_all_models', 'fold_shuffle_param', 'n_jobs_param', 'logging_param', 'USI', 'create_model_container', 'fix_imbalance_method_param', 'experiment__', 'gpu_param', 'master_model_container', 'seed', 'target_param', '_gpu_n_jobs_param', '_all_models_internal', 'exp_name_log', 'fold_groups_param', 'pycaret_globals', 'fold_groups_param_full', 'fold_param', '_all_metrics', 'iterative_imputation_iters_param', 'html_param', 'fix_imbalance_param', '_available_plots', 'fold_generator', 'X', '_ml_usecase', 'stratify_param'}
2021-12-19 14:35:16,775:INFO:Preparing display monitor
2021-12-19 14:35:16,775:INFO:Preparing display monitor
2021-12-19 14:35:16,786:INFO:Importing libraries
2021-12-19 14:35:16,786:INFO:Copying data for preprocessing
2021-12-19 14:35:16,793:INFO:Declaring preprocessing parameters
2021-12-19 14:35:16,795:INFO:Creating preprocessing pipeline
2021-12-19 14:35:16,802:INFO:Preprocessing pipeline created successfully
2021-12-19 14:35:16,802:ERROR:(Process Exit): setup has been interupted with user command 'quit'. setup must rerun.
2021-12-19 14:35:16,802:INFO:Creating global containers
2021-12-19 14:35:16,802:INFO:Internal pipeline: Pipeline(memory=None, steps=[('empty_step', 'passthrough')], verbose=False)
2021-12-19 14:35:29,227:INFO:Creating grid variables
2021-12-19 14:35:29,237:INFO:create_model_container: 0
2021-12-19 14:35:29,238:INFO:master_model_container: 0
2021-12-19 14:35:29,238:INFO:display_container: 1
2021-12-19 14:35:29,242:INFO:Pipeline(memory=None,
         steps=[('dtypes',
                 DataTypes_Auto_infer(categorical_features=[],
                                      display_types=True, features_todrop=[],
                                      id_columns=[], ml_usecase='regression',
                                      numerical_features=[],
                                      target='UNSUPERVISED_DUMMY_TARGET',
                                      time_features=[])),
                ('imputer',
                 Simple_Imputer(categorical_strategy='most frequent',
                                fill_value_categorical=None,
                                fill_value_numerical=None...
                ('scaling', 'passthrough'), ('P_transform', 'passthrough'),
                ('binn', 'passthrough'), ('rem_outliers', 'passthrough'),
                ('cluster_all', 'passthrough'),
                ('dummy', Dummify(target='UNSUPERVISED_DUMMY_TARGET')),
                ('fix_perfect', 'passthrough'),
                ('clean_names', Clean_Colum_Names()),
                ('feature_select', 'passthrough'), ('fix_multi', 'passthrough'),
                ('dfs', 'passthrough'), ('pca', 'passthrough')],
         verbose=False)
2021-12-19 14:35:29,242:INFO:setup() succesfully completed......................................
2021-12-19 14:36:40,714:INFO:gpu_param set to False
2021-12-19 14:36:54,695:INFO:Initializing create_model()
2021-12-19 14:36:54,695:INFO:create_model(estimator=iforest, num_clusters=4, fraction=0.1, ground_truth=None, round=4, fit_kwargs=None, verbose=True, system=True, add_to_model_list=True, raise_num_clusters=False, display=None, kwargs={})
2021-12-19 14:36:54,696:INFO:Checking exceptions
2021-12-19 14:36:54,696:INFO:Preparing display monitor
2021-12-19 14:36:54,710:INFO:Importing libraries
2021-12-19 14:36:54,717:INFO:Importing untrained model
2021-12-19 14:36:54,724:INFO:Isolation Forest Imported succesfully
2021-12-19 14:36:54,731:INFO:Fitting Model
2021-12-19 14:36:55,682:INFO:IForest(behaviour='new', bootstrap=False, contamination=0.1, max_features=1.0,
    max_samples='auto', n_estimators=100, n_jobs=-1, random_state=123,
    verbose=0)
2021-12-19 14:36:55,683:INFO:create_models() succesfully completed......................................
2021-12-19 14:36:55,683:INFO:Uploading results into container
2021-12-19 14:36:55,684:INFO:Uploading model into container now
2021-12-19 14:36:55,684:INFO:create_model_container: 1
2021-12-19 14:36:55,684:INFO:master_model_container: 1
2021-12-19 14:36:55,684:INFO:display_container: 2
2021-12-19 14:36:55,685:INFO:IForest(behaviour='new', bootstrap=False, contamination=0.1, max_features=1.0,
    max_samples='auto', n_estimators=100, n_jobs=-1, random_state=123,
    verbose=0)
2021-12-19 14:36:55,685:INFO:create_model() succesfully completed......................................
2021-12-19 14:36:55,783:INFO:Initializing assign_model()
2021-12-19 14:36:55,783:INFO:assign_model(model=IForest(behaviour='new', bootstrap=False, contamination=0.1, max_features=1.0,
    max_samples='auto', n_estimators=100, n_jobs=-1, random_state=123,
    verbose=0), transformation=False, score=True, verbose=True)
2021-12-19 14:36:55,783:INFO:Checking exceptions
2021-12-19 14:36:55,783:INFO:Determining Trained Model
2021-12-19 14:36:55,783:INFO:Trained Model : Isolation Forest
2021-12-19 14:36:55,784:INFO:Copying data
2021-12-19 14:36:55,785:INFO:(5160, 9)
2021-12-19 14:36:55,785:INFO:assign_model() succesfully completed......................................
2021-12-19 15:15:19,229:INFO:Initializing create_model()
2021-12-19 15:15:19,229:INFO:create_model(estimator=iforest, num_clusters=4, fraction=0.1, ground_truth=None, round=4, fit_kwargs=None, verbose=True, system=True, add_to_model_list=True, raise_num_clusters=False, display=None, kwargs={})
2021-12-19 15:15:19,229:INFO:Checking exceptions
2021-12-19 15:15:19,230:INFO:Preparing display monitor
2021-12-19 15:15:19,248:INFO:Importing libraries
2021-12-19 15:15:19,256:INFO:Importing untrained model
2021-12-19 15:15:19,264:INFO:Isolation Forest Imported succesfully
2021-12-19 15:15:19,272:INFO:Fitting Model
2021-12-19 15:15:20,268:INFO:IForest(behaviour='new', bootstrap=False, contamination=0.1, max_features=1.0,
    max_samples='auto', n_estimators=100, n_jobs=-1, random_state=123,
    verbose=0)
2021-12-19 15:15:20,269:INFO:create_models() succesfully completed......................................
2021-12-19 15:15:20,269:INFO:Uploading results into container
2021-12-19 15:15:20,270:INFO:Uploading model into container now
2021-12-19 15:15:20,270:INFO:create_model_container: 2
2021-12-19 15:15:20,270:INFO:master_model_container: 2
2021-12-19 15:15:20,271:INFO:display_container: 3
2021-12-19 15:15:20,271:INFO:IForest(behaviour='new', bootstrap=False, contamination=0.1, max_features=1.0,
    max_samples='auto', n_estimators=100, n_jobs=-1, random_state=123,
    verbose=0)
2021-12-19 15:15:20,271:INFO:create_model() succesfully completed......................................
2021-12-19 15:15:20,380:INFO:Initializing assign_model()
2021-12-19 15:15:20,380:INFO:assign_model(model=IForest(behaviour='new', bootstrap=False, contamination=0.1, max_features=1.0,
    max_samples='auto', n_estimators=100, n_jobs=-1, random_state=123,
    verbose=0), transformation=False, score=True, verbose=True)
2021-12-19 15:15:20,380:INFO:Checking exceptions
2021-12-19 15:15:20,380:INFO:Determining Trained Model
2021-12-19 15:15:20,380:INFO:Trained Model : Isolation Forest
2021-12-19 15:15:20,380:INFO:Copying data
2021-12-19 15:15:20,382:INFO:(5160, 9)
2021-12-19 15:15:20,382:INFO:assign_model() succesfully completed......................................
2021-12-19 16:26:16,012:INFO:PyCaret Supervised Module
2021-12-19 16:26:16,012:INFO:ML Usecase: anomaly
2021-12-19 16:26:16,012:INFO:version 2.3.5
2021-12-19 16:26:16,012:INFO:Initializing setup()
2021-12-19 16:26:16,013:INFO:setup(target=None, ml_usecase=anomaly, available_plots={'tsne': 'Anomaly TSnE (3d)', 'umap': 'UMAP Dimensionality'}, train_size=0.7, test_data=None, preprocess=True, imputation_type=simple, iterative_imputation_iters=5, categorical_features=None, categorical_imputation=mode, categorical_iterative_imputer=lightgbm, ordinal_features=None, high_cardinality_features=None, high_cardinality_method=frequency, numeric_features=None, numeric_imputation=mean, numeric_iterative_imputer=lightgbm, date_features=None, ignore_features=None, normalize=False, normalize_method=zscore, transformation=False, transformation_method=yeo-johnson, handle_unknown_categorical=True, unknown_categorical_method=least_frequent, pca=False, pca_method=linear, pca_components=None, ignore_low_variance=False, combine_rare_levels=False, rare_level_threshold=0.1, bin_numeric_features=None, remove_outliers=False, outliers_threshold=0.05, remove_multicollinearity=False, multicollinearity_threshold=0.9, remove_perfect_collinearity=False, create_clusters=False, cluster_iter=20, polynomial_features=False, polynomial_degree=2, trigonometry_features=False, polynomial_threshold=0.1, group_features=None, group_names=None, feature_selection=False, feature_selection_threshold=0.8, feature_selection_method=classic, feature_interaction=False, feature_ratio=False, interaction_threshold=0.01, fix_imbalance=False, fix_imbalance_method=None, transform_target=False, transform_target_method=box-cox, data_split_shuffle=False, data_split_stratify=False, fold_strategy=kfold, fold=10, fold_shuffle=False, fold_groups=None, n_jobs=-1, use_gpu=False, custom_pipeline=None, html=True, session_id=123, log_experiment=False, experiment_name=None, log_plots=False, log_profile=False, log_data=False, silent=False, verbose=True, profile=False, profile_kwargs=None, display=None)
2021-12-19 16:26:16,013:INFO:Checking environment
2021-12-19 16:26:16,013:INFO:python_version: 3.7.11
2021-12-19 16:26:16,013:INFO:python_build: ('default', 'Jul 27 2021 14:32:16')
2021-12-19 16:26:16,013:INFO:machine: x86_64
2021-12-19 16:26:16,013:INFO:platform: Linux-5.4.0-91-generic-x86_64-with-debian-bullseye-sid
2021-12-19 16:26:16,013:WARNING:cannot find psutil installation. memory not traceable. Install psutil using pip to enable memory logging.
2021-12-19 16:26:16,013:INFO:Checking libraries
2021-12-19 16:26:16,013:INFO:pd==1.3.4
2021-12-19 16:26:16,014:INFO:numpy==1.19.5
2021-12-19 16:26:16,014:INFO:sklearn==0.23.2
2021-12-19 16:26:16,014:INFO:lightgbm==3.3.1
2021-12-19 16:26:16,014:WARNING:catboost not found
2021-12-19 16:26:16,014:WARNING:xgboost not found
2021-12-19 16:26:16,172:INFO:mlflow==1.22.0
2021-12-19 16:26:16,172:INFO:Checking Exceptions
2021-12-19 16:26:16,172:INFO:Declaring global variables
2021-12-19 16:26:16,172:INFO:USI: 8467
2021-12-19 16:26:16,172:INFO:pycaret_globals: {'display_container', 'iterative_imputation_iters_param', '_gpu_n_jobs_param', '_all_models', 'X', 'fold_param', 'logging_param', '_internal_pipeline', 'master_model_container', 'exp_name_log', 'log_plots_param', 'fix_imbalance_method_param', 'html_param', '_available_plots', 'prep_pipe', '_all_models_internal', 'fold_shuffle_param', 'transform_target_param', 'transform_target_method_param', 'experiment__', 'seed', 'fold_groups_param', 'imputation_classifier', 'stratify_param', 'pycaret_globals', '_all_metrics', 'gpu_param', 'fold_groups_param_full', 'data_before_preprocess', 'n_jobs_param', 'target_param', 'fold_generator', 'imputation_regressor', '_ml_usecase', 'create_model_container', 'USI', 'fix_imbalance_param'}
2021-12-19 16:26:16,172:INFO:Preparing display monitor
2021-12-19 16:26:16,172:INFO:Preparing display monitor
2021-12-19 16:26:16,183:INFO:Importing libraries
2021-12-19 16:26:16,183:INFO:Copying data for preprocessing
2021-12-19 16:26:16,190:INFO:Declaring preprocessing parameters
2021-12-19 16:26:16,192:INFO:Creating preprocessing pipeline
2021-12-19 16:26:16,197:INFO:Preprocessing pipeline created successfully
2021-12-19 16:26:16,197:ERROR:(Process Exit): setup has been interupted with user command 'quit'. setup must rerun.
2021-12-19 16:26:16,198:INFO:Creating global containers
2021-12-19 16:26:16,198:INFO:Internal pipeline: Pipeline(memory=None, steps=[('empty_step', 'passthrough')], verbose=False)
2021-12-19 16:26:27,785:INFO:Creating grid variables
2021-12-19 16:26:27,796:INFO:create_model_container: 0
2021-12-19 16:26:27,796:INFO:master_model_container: 0
2021-12-19 16:26:27,796:INFO:display_container: 1
2021-12-19 16:26:27,801:INFO:Pipeline(memory=None,
         steps=[('dtypes',
                 DataTypes_Auto_infer(categorical_features=[],
                                      display_types=True, features_todrop=[],
                                      id_columns=[], ml_usecase='regression',
                                      numerical_features=[],
                                      target='UNSUPERVISED_DUMMY_TARGET',
                                      time_features=[])),
                ('imputer',
                 Simple_Imputer(categorical_strategy='most frequent',
                                fill_value_categorical=None,
                                fill_value_numerical=None...
                ('scaling', 'passthrough'), ('P_transform', 'passthrough'),
                ('binn', 'passthrough'), ('rem_outliers', 'passthrough'),
                ('cluster_all', 'passthrough'),
                ('dummy', Dummify(target='UNSUPERVISED_DUMMY_TARGET')),
                ('fix_perfect', 'passthrough'),
                ('clean_names', Clean_Colum_Names()),
                ('feature_select', 'passthrough'), ('fix_multi', 'passthrough'),
                ('dfs', 'passthrough'), ('pca', 'passthrough')],
         verbose=False)
2021-12-19 16:26:27,801:INFO:setup() succesfully completed......................................
2021-12-19 16:26:41,168:INFO:gpu_param set to False
2021-12-19 16:26:54,635:INFO:Initializing create_model()
2021-12-19 16:26:54,635:INFO:create_model(estimator=iforest, num_clusters=4, fraction=0.1, ground_truth=None, round=4, fit_kwargs=None, verbose=True, system=True, add_to_model_list=True, raise_num_clusters=False, display=None, kwargs={})
2021-12-19 16:26:54,636:INFO:Checking exceptions
2021-12-19 16:26:54,636:INFO:Preparing display monitor
2021-12-19 16:26:54,654:INFO:Importing libraries
2021-12-19 16:26:54,662:INFO:Importing untrained model
2021-12-19 16:26:54,671:INFO:Isolation Forest Imported succesfully
2021-12-19 16:26:54,680:INFO:Fitting Model
2021-12-19 16:26:55,604:INFO:IForest(behaviour='new', bootstrap=False, contamination=0.1, max_features=1.0,
    max_samples='auto', n_estimators=100, n_jobs=-1, random_state=123,
    verbose=0)
2021-12-19 16:26:55,604:INFO:create_models() succesfully completed......................................
2021-12-19 16:26:55,605:INFO:Uploading results into container
2021-12-19 16:26:55,605:INFO:Uploading model into container now
2021-12-19 16:26:55,606:INFO:create_model_container: 1
2021-12-19 16:26:55,606:INFO:master_model_container: 1
2021-12-19 16:26:55,606:INFO:display_container: 2
2021-12-19 16:26:55,607:INFO:IForest(behaviour='new', bootstrap=False, contamination=0.1, max_features=1.0,
    max_samples='auto', n_estimators=100, n_jobs=-1, random_state=123,
    verbose=0)
2021-12-19 16:26:55,607:INFO:create_model() succesfully completed......................................
2021-12-19 16:26:55,830:INFO:Initializing assign_model()
2021-12-19 16:26:55,830:INFO:assign_model(model=IForest(behaviour='new', bootstrap=False, contamination=0.1, max_features=1.0,
    max_samples='auto', n_estimators=100, n_jobs=-1, random_state=123,
    verbose=0), transformation=False, score=True, verbose=True)
2021-12-19 16:26:55,830:INFO:Checking exceptions
2021-12-19 16:26:55,830:INFO:Determining Trained Model
2021-12-19 16:26:55,830:INFO:Trained Model : Isolation Forest
2021-12-19 16:26:55,830:INFO:Copying data
2021-12-19 16:26:55,831:INFO:(2895, 8)
2021-12-19 16:26:55,831:INFO:assign_model() succesfully completed......................................
2021-12-19 16:32:22,582:INFO:Initializing create_model()
2021-12-19 16:32:22,582:INFO:create_model(estimator=iforest, num_clusters=4, fraction=0.1, ground_truth=None, round=4, fit_kwargs=None, verbose=True, system=True, add_to_model_list=True, raise_num_clusters=False, display=None, kwargs={})
2021-12-19 16:32:22,582:INFO:Checking exceptions
2021-12-19 16:32:22,583:INFO:Preparing display monitor
2021-12-19 16:32:22,600:INFO:Importing libraries
2021-12-19 16:32:22,608:INFO:Importing untrained model
2021-12-19 16:32:22,617:INFO:Isolation Forest Imported succesfully
2021-12-19 16:32:22,625:INFO:Fitting Model
2021-12-19 16:32:23,546:INFO:IForest(behaviour='new', bootstrap=False, contamination=0.1, max_features=1.0,
    max_samples='auto', n_estimators=100, n_jobs=-1, random_state=123,
    verbose=0)
2021-12-19 16:32:23,546:INFO:create_models() succesfully completed......................................
2021-12-19 16:32:23,547:INFO:Uploading results into container
2021-12-19 16:32:23,547:INFO:Uploading model into container now
2021-12-19 16:32:23,548:INFO:create_model_container: 2
2021-12-19 16:32:23,548:INFO:master_model_container: 2
2021-12-19 16:32:23,548:INFO:display_container: 3
2021-12-19 16:32:23,549:INFO:IForest(behaviour='new', bootstrap=False, contamination=0.1, max_features=1.0,
    max_samples='auto', n_estimators=100, n_jobs=-1, random_state=123,
    verbose=0)
2021-12-19 16:32:23,549:INFO:create_model() succesfully completed......................................
2021-12-19 16:32:23,775:INFO:Initializing assign_model()
2021-12-19 16:32:23,775:INFO:assign_model(model=IForest(behaviour='new', bootstrap=False, contamination=0.1, max_features=1.0,
    max_samples='auto', n_estimators=100, n_jobs=-1, random_state=123,
    verbose=0), transformation=False, score=True, verbose=True)
2021-12-19 16:32:23,775:INFO:Checking exceptions
2021-12-19 16:32:23,775:INFO:Determining Trained Model
2021-12-19 16:32:23,775:INFO:Trained Model : Isolation Forest
2021-12-19 16:32:23,776:INFO:Copying data
2021-12-19 16:32:23,777:INFO:(2895, 8)
2021-12-19 16:32:23,777:INFO:assign_model() succesfully completed......................................
2021-12-19 16:43:24,508:INFO:Initializing create_model()
2021-12-19 16:43:24,508:INFO:create_model(estimator=knn, num_clusters=4, fraction=0.1, ground_truth=None, round=4, fit_kwargs=None, verbose=True, system=True, add_to_model_list=True, raise_num_clusters=False, display=None, kwargs={})
2021-12-19 16:43:24,508:INFO:Checking exceptions
2021-12-19 16:43:24,508:INFO:Preparing display monitor
2021-12-19 16:43:24,527:INFO:Importing libraries
2021-12-19 16:43:24,536:INFO:Importing untrained model
2021-12-19 16:43:24,544:INFO:K-Nearest Neighbors Detector Imported succesfully
2021-12-19 16:43:24,552:INFO:Fitting Model
2021-12-19 16:43:24,667:INFO:KNN(algorithm='auto', contamination=0.1, leaf_size=30, method='largest',
  metric='minkowski', metric_params=None, n_jobs=-1, n_neighbors=5, p=2,
  radius=1.0)
2021-12-19 16:43:24,667:INFO:create_models() succesfully completed......................................
2021-12-19 16:43:24,669:INFO:Uploading results into container
2021-12-19 16:43:24,670:INFO:Uploading model into container now
2021-12-19 16:43:24,671:INFO:create_model_container: 3
2021-12-19 16:43:24,671:INFO:master_model_container: 3
2021-12-19 16:43:24,672:INFO:display_container: 4
2021-12-19 16:43:24,672:INFO:KNN(algorithm='auto', contamination=0.1, leaf_size=30, method='largest',
  metric='minkowski', metric_params=None, n_jobs=-1, n_neighbors=5, p=2,
  radius=1.0)
2021-12-19 16:43:24,672:INFO:create_model() succesfully completed......................................
2021-12-19 16:43:24,945:INFO:Initializing assign_model()
2021-12-19 16:43:24,945:INFO:assign_model(model=KNN(algorithm='auto', contamination=0.1, leaf_size=30, method='largest',
  metric='minkowski', metric_params=None, n_jobs=-1, n_neighbors=5, p=2,
  radius=1.0), transformation=False, score=True, verbose=True)
2021-12-19 16:43:24,946:INFO:Checking exceptions
2021-12-19 16:43:24,946:INFO:Determining Trained Model
2021-12-19 16:43:24,946:INFO:Trained Model : K-Nearest Neighbors Detector
2021-12-19 16:43:24,946:INFO:Copying data
2021-12-19 16:43:24,947:INFO:(2895, 8)
2021-12-19 16:43:24,947:INFO:assign_model() succesfully completed......................................
2021-12-19 16:43:30,717:INFO:Initializing create_model()
2021-12-19 16:43:30,717:INFO:create_model(estimator=knn, num_clusters=4, fraction=0.1, ground_truth=None, round=4, fit_kwargs=None, verbose=True, system=True, add_to_model_list=True, raise_num_clusters=False, display=None, kwargs={})
2021-12-19 16:43:30,717:INFO:Checking exceptions
2021-12-19 16:43:30,717:INFO:Preparing display monitor
2021-12-19 16:43:30,731:INFO:Importing libraries
2021-12-19 16:43:30,737:INFO:Importing untrained model
2021-12-19 16:43:30,745:INFO:K-Nearest Neighbors Detector Imported succesfully
2021-12-19 16:43:30,752:INFO:Fitting Model
2021-12-19 16:43:30,865:INFO:KNN(algorithm='auto', contamination=0.1, leaf_size=30, method='largest',
  metric='minkowski', metric_params=None, n_jobs=-1, n_neighbors=5, p=2,
  radius=1.0)
2021-12-19 16:43:30,865:INFO:create_models() succesfully completed......................................
2021-12-19 16:43:30,866:INFO:Uploading results into container
2021-12-19 16:43:30,867:INFO:Uploading model into container now
2021-12-19 16:43:30,868:INFO:create_model_container: 4
2021-12-19 16:43:30,868:INFO:master_model_container: 4
2021-12-19 16:43:30,868:INFO:display_container: 5
2021-12-19 16:43:30,869:INFO:KNN(algorithm='auto', contamination=0.1, leaf_size=30, method='largest',
  metric='minkowski', metric_params=None, n_jobs=-1, n_neighbors=5, p=2,
  radius=1.0)
2021-12-19 16:43:30,869:INFO:create_model() succesfully completed......................................
2021-12-19 16:43:31,117:INFO:Initializing assign_model()
2021-12-19 16:43:31,117:INFO:assign_model(model=KNN(algorithm='auto', contamination=0.1, leaf_size=30, method='largest',
  metric='minkowski', metric_params=None, n_jobs=-1, n_neighbors=5, p=2,
  radius=1.0), transformation=False, score=True, verbose=True)
2021-12-19 16:43:31,117:INFO:Checking exceptions
2021-12-19 16:43:31,117:INFO:Determining Trained Model
2021-12-19 16:43:31,117:INFO:Trained Model : K-Nearest Neighbors Detector
2021-12-19 16:43:31,117:INFO:Copying data
2021-12-19 16:43:31,118:INFO:(2895, 8)
2021-12-19 16:43:31,118:INFO:assign_model() succesfully completed......................................
2021-12-19 16:43:39,382:INFO:Initializing create_model()
2021-12-19 16:43:39,382:INFO:create_model(estimator=knn, num_clusters=4, fraction=0.3, ground_truth=None, round=4, fit_kwargs=None, verbose=True, system=True, add_to_model_list=True, raise_num_clusters=False, display=None, kwargs={})
2021-12-19 16:43:39,382:INFO:Checking exceptions
2021-12-19 16:43:39,383:INFO:Preparing display monitor
2021-12-19 16:43:39,401:INFO:Importing libraries
2021-12-19 16:43:39,415:INFO:Importing untrained model
2021-12-19 16:43:39,422:INFO:K-Nearest Neighbors Detector Imported succesfully
2021-12-19 16:43:39,430:INFO:Fitting Model
2021-12-19 16:43:39,544:INFO:KNN(algorithm='auto', contamination=0.3, leaf_size=30, method='largest',
  metric='minkowski', metric_params=None, n_jobs=-1, n_neighbors=5, p=2,
  radius=1.0)
2021-12-19 16:43:39,544:INFO:create_models() succesfully completed......................................
2021-12-19 16:43:39,545:INFO:Uploading results into container
2021-12-19 16:43:39,546:INFO:Uploading model into container now
2021-12-19 16:43:39,547:INFO:create_model_container: 5
2021-12-19 16:43:39,548:INFO:master_model_container: 5
2021-12-19 16:43:39,548:INFO:display_container: 6
2021-12-19 16:43:39,548:INFO:KNN(algorithm='auto', contamination=0.3, leaf_size=30, method='largest',
  metric='minkowski', metric_params=None, n_jobs=-1, n_neighbors=5, p=2,
  radius=1.0)
2021-12-19 16:43:39,548:INFO:create_model() succesfully completed......................................
2021-12-19 16:43:39,801:INFO:Initializing assign_model()
2021-12-19 16:43:39,802:INFO:assign_model(model=KNN(algorithm='auto', contamination=0.3, leaf_size=30, method='largest',
  metric='minkowski', metric_params=None, n_jobs=-1, n_neighbors=5, p=2,
  radius=1.0), transformation=False, score=True, verbose=True)
2021-12-19 16:43:39,802:INFO:Checking exceptions
2021-12-19 16:43:39,802:INFO:Determining Trained Model
2021-12-19 16:43:39,802:INFO:Trained Model : K-Nearest Neighbors Detector
2021-12-19 16:43:39,802:INFO:Copying data
2021-12-19 16:43:39,803:INFO:(2895, 8)
2021-12-19 16:43:39,803:INFO:assign_model() succesfully completed......................................
2021-12-19 16:47:24,115:INFO:Initializing create_model()
2021-12-19 16:47:24,115:INFO:create_model(estimator=knn, num_clusters=4, fraction=18.5, ground_truth=None, round=4, fit_kwargs=None, verbose=True, system=True, add_to_model_list=True, raise_num_clusters=False, display=None, kwargs={})
2021-12-19 16:47:24,115:INFO:Checking exceptions
2021-12-19 16:47:32,976:INFO:Initializing create_model()
2021-12-19 16:47:32,977:INFO:create_model(estimator=knn, num_clusters=4, fraction=0.01, ground_truth=None, round=4, fit_kwargs=None, verbose=True, system=True, add_to_model_list=True, raise_num_clusters=False, display=None, kwargs={})
2021-12-19 16:47:32,977:INFO:Checking exceptions
2021-12-19 16:47:32,977:INFO:Preparing display monitor
2021-12-19 16:47:32,992:INFO:Importing libraries
2021-12-19 16:47:33,000:INFO:Importing untrained model
2021-12-19 16:47:33,008:INFO:K-Nearest Neighbors Detector Imported succesfully
2021-12-19 16:47:33,016:INFO:Fitting Model
2021-12-19 16:47:33,130:INFO:KNN(algorithm='auto', contamination=0.01, leaf_size=30, method='largest',
  metric='minkowski', metric_params=None, n_jobs=-1, n_neighbors=5, p=2,
  radius=1.0)
2021-12-19 16:47:33,131:INFO:create_models() succesfully completed......................................
2021-12-19 16:47:33,132:INFO:Uploading results into container
2021-12-19 16:47:33,132:INFO:Uploading model into container now
2021-12-19 16:47:33,134:INFO:create_model_container: 6
2021-12-19 16:47:33,134:INFO:master_model_container: 6
2021-12-19 16:47:33,134:INFO:display_container: 7
2021-12-19 16:47:33,135:INFO:KNN(algorithm='auto', contamination=0.01, leaf_size=30, method='largest',
  metric='minkowski', metric_params=None, n_jobs=-1, n_neighbors=5, p=2,
  radius=1.0)
2021-12-19 16:47:33,135:INFO:create_model() succesfully completed......................................
2021-12-19 16:47:33,381:INFO:Initializing assign_model()
2021-12-19 16:47:33,381:INFO:assign_model(model=KNN(algorithm='auto', contamination=0.01, leaf_size=30, method='largest',
  metric='minkowski', metric_params=None, n_jobs=-1, n_neighbors=5, p=2,
  radius=1.0), transformation=False, score=True, verbose=True)
2021-12-19 16:47:33,381:INFO:Checking exceptions
2021-12-19 16:47:33,381:INFO:Determining Trained Model
2021-12-19 16:47:33,381:INFO:Trained Model : K-Nearest Neighbors Detector
2021-12-19 16:47:33,381:INFO:Copying data
2021-12-19 16:47:33,382:INFO:(2895, 8)
2021-12-19 16:47:33,383:INFO:assign_model() succesfully completed......................................
2021-12-19 16:50:02,191:INFO:Initializing evaluate_model()
2021-12-19 16:50:02,191:INFO:evaluate_model(estimator=KNN(algorithm='auto', contamination=0.01, leaf_size=30, method='largest',
  metric='minkowski', metric_params=None, n_jobs=-1, n_neighbors=5, p=2,
  radius=1.0), fold=None, fit_kwargs=None, feature_name=None, groups=None, use_train_data=False)
2021-12-19 16:50:02,213:INFO:Initializing plot_model()
2021-12-19 16:50:02,213:INFO:plot_model(fold=KFold(n_splits=10, random_state=None, shuffle=False), use_train_data=False, verbose=True, is_in_evaluate=True, display=None, display_format=None, estimator=KNN(algorithm='auto', contamination=0.01, leaf_size=30, method='largest',
  metric='minkowski', metric_params=None, n_jobs=-1, n_neighbors=5, p=2,
  radius=1.0), feature_name=None, fit_kwargs={}, groups=None, label=False, plot=tsne, save=False, scale=1, system=True)
2021-12-19 16:50:02,213:INFO:Checking exceptions
2021-12-19 16:50:02,213:INFO:Preparing display monitor
2021-12-19 16:50:02,219:INFO:Preloading libraries
2021-12-19 16:50:02,221:INFO:Copying training dataset
2021-12-19 16:50:02,222:INFO:Plot type: tsne
2021-12-19 16:50:02,223:INFO:SubProcess assign_model() called ==================================
2021-12-19 16:50:02,223:INFO:Initializing assign_model()
2021-12-19 16:50:02,223:INFO:assign_model(model=KNN(algorithm='auto', contamination=0.01, leaf_size=30, method='largest',
  metric='minkowski', metric_params=None, n_jobs=-1, n_neighbors=5, p=2,
  radius=1.0), transformation=True, score=False, verbose=False)
2021-12-19 16:50:02,223:INFO:Checking exceptions
2021-12-19 16:50:02,224:INFO:Determining Trained Model
2021-12-19 16:50:02,224:INFO:Trained Model : K-Nearest Neighbors Detector
2021-12-19 16:50:02,224:INFO:Copying data
2021-12-19 16:50:02,224:INFO:Transformation param set to True. Assigned clusters are attached on transformed dataset.
2021-12-19 16:50:02,225:INFO:(2895, 19)
2021-12-19 16:50:02,225:INFO:assign_model() succesfully completed......................................
2021-12-19 16:50:02,225:INFO:SubProcess assign_model() end ==================================
2021-12-19 16:50:02,228:INFO:Getting dummies to cast categorical variables
2021-12-19 16:50:02,228:INFO:Fitting TSNE()
2021-12-19 16:50:12,389:INFO:Initializing plot_model()
2021-12-19 16:50:12,390:INFO:plot_model(fold=KFold(n_splits=10, random_state=None, shuffle=False), use_train_data=False, verbose=True, is_in_evaluate=True, display=None, display_format=None, estimator=KNN(algorithm='auto', contamination=0.01, leaf_size=30, method='largest',
  metric='minkowski', metric_params=None, n_jobs=-1, n_neighbors=5, p=2,
  radius=1.0), feature_name=None, fit_kwargs={}, groups=None, label=False, plot=umap, save=False, scale=1, system=True)
2021-12-19 16:50:12,390:INFO:Checking exceptions
2021-12-19 16:50:12,390:INFO:Preparing display monitor
2021-12-19 16:50:12,399:INFO:Preloading libraries
2021-12-19 16:50:12,401:INFO:Copying training dataset
2021-12-19 16:50:12,401:INFO:Plot type: umap
2021-12-19 16:50:12,403:INFO:SubProcess assign_model() called ==================================
2021-12-19 16:50:12,403:INFO:Initializing assign_model()
2021-12-19 16:50:12,403:INFO:assign_model(model=KNN(algorithm='auto', contamination=0.01, leaf_size=30, method='largest',
  metric='minkowski', metric_params=None, n_jobs=-1, n_neighbors=5, p=2,
  radius=1.0), transformation=True, score=False, verbose=False)
2021-12-19 16:50:12,403:INFO:Checking exceptions
2021-12-19 16:50:12,403:INFO:Determining Trained Model
2021-12-19 16:50:12,403:INFO:Trained Model : K-Nearest Neighbors Detector
2021-12-19 16:50:12,404:INFO:Copying data
2021-12-19 16:50:12,404:INFO:Transformation param set to True. Assigned clusters are attached on transformed dataset.
2021-12-19 16:50:12,404:INFO:(2895, 19)
2021-12-19 16:50:12,405:INFO:assign_model() succesfully completed......................................
2021-12-19 16:50:12,405:INFO:SubProcess assign_model() end ==================================
2021-12-19 16:50:23,899:INFO:Fitting UMAP()
2021-12-19 16:50:35,081:INFO:Initializing plot_model()
2021-12-19 16:50:35,081:INFO:plot_model(fold=KFold(n_splits=10, random_state=None, shuffle=False), use_train_data=False, verbose=True, is_in_evaluate=True, display=None, display_format=None, estimator=KNN(algorithm='auto', contamination=0.01, leaf_size=30, method='largest',
  metric='minkowski', metric_params=None, n_jobs=-1, n_neighbors=5, p=2,
  radius=1.0), feature_name=None, fit_kwargs={}, groups=None, label=False, plot=tsne, save=False, scale=1, system=True)
2021-12-19 16:50:35,081:INFO:Checking exceptions
2021-12-19 16:50:35,082:INFO:Preparing display monitor
2021-12-19 16:50:35,091:INFO:Preloading libraries
2021-12-19 16:50:35,093:INFO:Copying training dataset
2021-12-19 16:50:35,093:INFO:Plot type: tsne
2021-12-19 16:50:35,094:INFO:SubProcess assign_model() called ==================================
2021-12-19 16:50:35,094:INFO:Initializing assign_model()
2021-12-19 16:50:35,094:INFO:assign_model(model=KNN(algorithm='auto', contamination=0.01, leaf_size=30, method='largest',
  metric='minkowski', metric_params=None, n_jobs=-1, n_neighbors=5, p=2,
  radius=1.0), transformation=True, score=False, verbose=False)
2021-12-19 16:50:35,094:INFO:Checking exceptions
2021-12-19 16:50:35,094:INFO:Determining Trained Model
2021-12-19 16:50:35,095:INFO:Trained Model : K-Nearest Neighbors Detector
2021-12-19 16:50:35,095:INFO:Copying data
2021-12-19 16:50:35,095:INFO:Transformation param set to True. Assigned clusters are attached on transformed dataset.
2021-12-19 16:50:35,095:INFO:(2895, 19)
2021-12-19 16:50:35,095:INFO:assign_model() succesfully completed......................................
2021-12-19 16:50:35,096:INFO:SubProcess assign_model() end ==================================
2021-12-19 16:50:35,098:INFO:Getting dummies to cast categorical variables
2021-12-19 16:50:35,098:INFO:Fitting TSNE()
2021-12-19 16:52:31,817:INFO:Initializing create_model()
2021-12-19 16:52:31,817:INFO:create_model(estimator=knn, num_clusters=4, fraction=0.05, ground_truth=None, round=4, fit_kwargs=None, verbose=True, system=True, add_to_model_list=True, raise_num_clusters=False, display=None, kwargs={})
2021-12-19 16:52:31,817:INFO:Checking exceptions
2021-12-19 16:52:31,817:INFO:Preparing display monitor
2021-12-19 16:52:31,833:INFO:Importing libraries
2021-12-19 16:52:31,842:INFO:Importing untrained model
2021-12-19 16:52:31,853:INFO:K-Nearest Neighbors Detector Imported succesfully
2021-12-19 16:52:31,864:INFO:Fitting Model
2021-12-19 16:52:31,979:INFO:KNN(algorithm='auto', contamination=0.05, leaf_size=30, method='largest',
  metric='minkowski', metric_params=None, n_jobs=-1, n_neighbors=5, p=2,
  radius=1.0)
2021-12-19 16:52:31,979:INFO:create_models() succesfully completed......................................
2021-12-19 16:52:31,980:INFO:Uploading results into container
2021-12-19 16:52:31,981:INFO:Uploading model into container now
2021-12-19 16:52:31,983:INFO:create_model_container: 7
2021-12-19 16:52:31,983:INFO:master_model_container: 7
2021-12-19 16:52:31,983:INFO:display_container: 8
2021-12-19 16:52:31,984:INFO:KNN(algorithm='auto', contamination=0.05, leaf_size=30, method='largest',
  metric='minkowski', metric_params=None, n_jobs=-1, n_neighbors=5, p=2,
  radius=1.0)
2021-12-19 16:52:31,984:INFO:create_model() succesfully completed......................................
2021-12-19 16:52:32,324:INFO:Initializing assign_model()
2021-12-19 16:52:32,324:INFO:assign_model(model=KNN(algorithm='auto', contamination=0.05, leaf_size=30, method='largest',
  metric='minkowski', metric_params=None, n_jobs=-1, n_neighbors=5, p=2,
  radius=1.0), transformation=False, score=True, verbose=True)
2021-12-19 16:52:32,324:INFO:Checking exceptions
2021-12-19 16:52:32,324:INFO:Determining Trained Model
2021-12-19 16:52:32,324:INFO:Trained Model : K-Nearest Neighbors Detector
2021-12-19 16:52:32,324:INFO:Copying data
2021-12-19 16:52:32,325:INFO:(2895, 8)
2021-12-19 16:52:32,325:INFO:assign_model() succesfully completed......................................
